{"C:\\Users\\yprit\\Desktop\\going\\task\\src\\index.ts": {"path":"C:\\Users\\yprit\\Desktop\\going\\task\\src\\index.ts","statementMap":{"0":{"start":{"line":2,"column":0},"end":{"line":2,"column":35}},"1":{"start":{"line":3,"column":0},"end":{"line":3,"column":42}},"2":{"start":{"line":4,"column":0},"end":{"line":4,"column":38}},"3":{"start":{"line":5,"column":0},"end":{"line":5,"column":38}},"4":{"start":{"line":8,"column":12},"end":{"line":8,"column":29}},"5":{"start":{"line":9,"column":13},"end":{"line":9,"column":37}},"6":{"start":{"line":12,"column":0},"end":{"line":12,"column":27}},"7":{"start":{"line":15,"column":0},"end":{"line":15,"column":35}},"8":{"start":{"line":18,"column":0},"end":{"line":18,"column":8}},"9":{"start":{"line":21,"column":0},"end":{"line":21,"column":68}},"10":{"start":{"line":21,"column":18},"end":{"line":21,"column":58}},"11":{"start":{"line":21,"column":43},"end":{"line":21,"column":56}},"12":{"start":{"line":24,"column":0},"end":{"line":26,"column":3}},"13":{"start":{"line":25,"column":2},"end":{"line":25,"column":51}},"14":{"start":{"line":28,"column":0},"end":{"line":28,"column":19}}},"fnMap":{"0":{"name":"(anonymous_7)","decl":{"start":{"line":21,"column":11},"end":{"line":21,"column":14}},"loc":{"start":{"line":21,"column":16},"end":{"line":21,"column":59}}},"1":{"name":"(anonymous_8)","decl":{"start":{"line":21,"column":30},"end":{"line":21,"column":31}},"loc":{"start":{"line":21,"column":43},"end":{"line":21,"column":56}}},"2":{"name":"(anonymous_9)","decl":{"start":{"line":24,"column":17},"end":{"line":24,"column":20}},"loc":{"start":{"line":24,"column":22},"end":{"line":26,"column":1}}}},"branchMap":{"0":{"loc":{"start":{"line":9,"column":13},"end":{"line":9,"column":37}},"type":"binary-expr","locations":[{"start":{"line":9,"column":13},"end":{"line":9,"column":29}},{"start":{"line":9,"column":33},"end":{"line":9,"column":37}}]}},"s":{"0":1,"1":1,"2":1,"3":1,"4":1,"5":1,"6":1,"7":1,"8":1,"9":1,"10":0,"11":0,"12":1,"13":1,"14":1},"f":{"0":0,"1":0,"2":1},"b":{"0":[1,1]}}
,"C:\\Users\\yprit\\Desktop\\going\\task\\src\\api\\books.ts": {"path":"C:\\Users\\yprit\\Desktop\\going\\task\\src\\api\\books.ts","statementMap":{"0":{"start":{"line":2,"column":0},"end":{"line":2,"column":35}},"1":{"start":{"line":4,"column":0},"end":{"line":4,"column":51}},"2":{"start":{"line":5,"column":0},"end":{"line":5,"column":48}},"3":{"start":{"line":8,"column":23},"end":{"line":8,"column":39}},"4":{"start":{"line":13,"column":0},"end":{"line":13,"column":45}},"5":{"start":{"line":16,"column":0},"end":{"line":19,"column":32}},"6":{"start":{"line":22,"column":0},"end":{"line":27,"column":28}},"7":{"start":{"line":30,"column":0},"end":{"line":37,"column":31}},"8":{"start":{"line":40,"column":0},"end":{"line":43,"column":31}},"9":{"start":{"line":46,"column":0},"end":{"line":46,"column":22}}},"fnMap":{},"branchMap":{},"s":{"0":1,"1":1,"2":1,"3":1,"4":1,"5":1,"6":1,"7":1,"8":1,"9":1},"f":{},"b":{}}
,"C:\\Users\\yprit\\Desktop\\going\\task\\src\\config\\database.ts": {"path":"C:\\Users\\yprit\\Desktop\\going\\task\\src\\config\\database.ts","statementMap":{"0":{"start":{"line":2,"column":0},"end":{"line":2,"column":38}},"1":{"start":{"line":3,"column":0},"end":{"line":3,"column":33}},"2":{"start":{"line":4,"column":0},"end":{"line":4,"column":46}},"3":{"start":{"line":10,"column":0},"end":{"line":10,"column":16}},"4":{"start":{"line":20,"column":17},"end":{"line":20,"column":42}},"5":{"start":{"line":21,"column":17},"end":{"line":21,"column":46}},"6":{"start":{"line":22,"column":17},"end":{"line":22,"column":46}},"7":{"start":{"line":23,"column":13},"end":{"line":23,"column":38}},"8":{"start":{"line":24,"column":13},"end":{"line":24,"column":17}},"9":{"start":{"line":27,"column":2},"end":{"line":46,"column":5}},"10":{"start":{"line":48,"column":17},"end":{"line":48,"column":19}},"11":{"start":{"line":49,"column":2},"end":{"line":49,"column":27}},"12":{"start":{"line":50,"column":2},"end":{"line":50,"column":27}},"13":{"start":{"line":53,"column":2},"end":{"line":57,"column":5}},"14":{"start":{"line":53,"column":49},"end":{"line":55,"column":4}},"15":{"start":{"line":54,"column":4},"end":{"line":54,"column":32}},"16":{"start":{"line":56,"column":4},"end":{"line":56,"column":30}},"17":{"start":{"line":60,"column":2},"end":{"line":62,"column":5}},"18":{"start":{"line":61,"column":4},"end":{"line":61,"column":42}},"19":{"start":{"line":65,"column":2},"end":{"line":68,"column":null}},"20":{"start":{"line":66,"column":4},"end":{"line":66,"column":19}},"21":{"start":{"line":67,"column":4},"end":{"line":67,"column":47}},"22":{"start":{"line":71,"column":0},"end":{"line":71,"column":21}}},"fnMap":{"0":{"name":"dbCon","decl":{"start":{"line":18,"column":15},"end":{"line":18,"column":20}},"loc":{"start":{"line":18,"column":20},"end":{"line":69,"column":null}}},"1":{"name":"(anonymous_15)","decl":{"start":{"line":53,"column":38},"end":{"line":53,"column":47}},"loc":{"start":{"line":53,"column":49},"end":{"line":55,"column":4}}},"2":{"name":"(anonymous_16)","decl":{"start":{"line":53,"column":49},"end":{"line":53,"column":null}},"loc":{"start":{"line":53,"column":49},"end":{"line":55,"column":3}}},"3":{"name":"(anonymous_17)","decl":{"start":{"line":55,"column":11},"end":{"line":55,"column":12}},"loc":{"start":{"line":55,"column":23},"end":{"line":57,"column":3}}},"4":{"name":"(anonymous_18)","decl":{"start":{"line":60,"column":35},"end":{"line":60,"column":36}},"loc":{"start":{"line":60,"column":63},"end":{"line":62,"column":3}}},"5":{"name":"(anonymous_19)","decl":{"start":{"line":65,"column":45},"end":{"line":65,"column":46}},"loc":{"start":{"line":65,"column":58},"end":{"line":68,"column":3}}}},"branchMap":{"0":{"loc":{"start":{"line":20,"column":17},"end":{"line":20,"column":42}},"type":"binary-expr","locations":[{"start":{"line":20,"column":17},"end":{"line":20,"column":36}},{"start":{"line":20,"column":40},"end":{"line":20,"column":42}}]},"1":{"loc":{"start":{"line":21,"column":17},"end":{"line":21,"column":46}},"type":"binary-expr","locations":[{"start":{"line":21,"column":17},"end":{"line":21,"column":40}},{"start":{"line":21,"column":44},"end":{"line":21,"column":46}}]},"2":{"loc":{"start":{"line":22,"column":17},"end":{"line":22,"column":46}},"type":"binary-expr","locations":[{"start":{"line":22,"column":17},"end":{"line":22,"column":40}},{"start":{"line":22,"column":44},"end":{"line":22,"column":46}}]},"3":{"loc":{"start":{"line":23,"column":13},"end":{"line":23,"column":38}},"type":"binary-expr","locations":[{"start":{"line":23,"column":13},"end":{"line":23,"column":32}},{"start":{"line":23,"column":36},"end":{"line":23,"column":38}}]}},"s":{"0":1,"1":1,"2":1,"3":1,"4":1,"5":1,"6":1,"7":1,"8":1,"9":1,"10":1,"11":1,"12":1,"13":1,"14":1,"15":1,"16":0,"17":1,"18":1,"19":1,"20":1,"21":1,"22":1},"f":{"0":1,"1":1,"2":1,"3":0,"4":1,"5":1},"b":{"0":[1,0],"1":[1,0],"2":[1,0],"3":[1,0]}}
,"C:\\Users\\yprit\\Desktop\\going\\task\\src\\controllers\\books.ts": {"path":"C:\\Users\\yprit\\Desktop\\going\\task\\src\\controllers\\books.ts","statementMap":{"0":{"start":{"line":3,"column":0},"end":{"line":3,"column":45}},"1":{"start":{"line":6,"column":24},"end":{"line":81,"column":2}},"2":{"start":{"line":9,"column":4},"end":{"line":15,"column":null}},"3":{"start":{"line":10,"column":20},"end":{"line":10,"column":52}},"4":{"start":{"line":11,"column":6},"end":{"line":11,"column":22}},"5":{"start":{"line":13,"column":6},"end":{"line":13,"column":27}},"6":{"start":{"line":14,"column":6},"end":{"line":14,"column":63}},"7":{"start":{"line":20,"column":19},"end":{"line":20,"column":29}},"8":{"start":{"line":22,"column":4},"end":{"line":33,"column":null}},"9":{"start":{"line":23,"column":19},"end":{"line":23,"column":53}},"10":{"start":{"line":25,"column":6},"end":{"line":27,"column":null}},"11":{"start":{"line":26,"column":8},"end":{"line":26,"column":42}},"12":{"start":{"line":29,"column":6},"end":{"line":29,"column":21}},"13":{"start":{"line":31,"column":6},"end":{"line":31,"column":27}},"14":{"start":{"line":32,"column":6},"end":{"line":32,"column":63}},"15":{"start":{"line":38,"column":45},"end":{"line":38,"column":53}},"16":{"start":{"line":40,"column":4},"end":{"line":46,"column":null}},"17":{"start":{"line":41,"column":19},"end":{"line":41,"column":75}},"18":{"start":{"line":42,"column":6},"end":{"line":42,"column":33}},"19":{"start":{"line":44,"column":6},"end":{"line":44,"column":27}},"20":{"start":{"line":45,"column":6},"end":{"line":45,"column":40}},"21":{"start":{"line":51,"column":19},"end":{"line":51,"column":29}},"22":{"start":{"line":52,"column":45},"end":{"line":52,"column":53}},"23":{"start":{"line":54,"column":4},"end":{"line":63,"column":null}},"24":{"start":{"line":55,"column":19},"end":{"line":55,"column":82}},"25":{"start":{"line":56,"column":6},"end":{"line":56,"column":21}},"26":{"start":{"line":58,"column":6},"end":{"line":58,"column":27}},"27":{"start":{"line":59,"column":6},"end":{"line":61,"column":null}},"28":{"start":{"line":60,"column":8},"end":{"line":60,"column":42}},"29":{"start":{"line":62,"column":6},"end":{"line":62,"column":40}},"30":{"start":{"line":68,"column":19},"end":{"line":68,"column":29}},"31":{"start":{"line":70,"column":4},"end":{"line":79,"column":null}},"32":{"start":{"line":71,"column":17},"end":{"line":71,"column":50}},"33":{"start":{"line":72,"column":6},"end":{"line":72,"column":34}},"34":{"start":{"line":74,"column":6},"end":{"line":74,"column":27}},"35":{"start":{"line":75,"column":6},"end":{"line":77,"column":null}},"36":{"start":{"line":76,"column":8},"end":{"line":76,"column":42}},"37":{"start":{"line":78,"column":6},"end":{"line":78,"column":63}},"38":{"start":{"line":83,"column":0},"end":{"line":83,"column":31}}},"fnMap":{"0":{"name":"(anonymous_8)","decl":{"start":{"line":8,"column":8},"end":{"line":8,"column":19}},"loc":{"start":{"line":8,"column":47},"end":{"line":16,"column":null}}},"1":{"name":"(anonymous_10)","decl":{"start":{"line":19,"column":8},"end":{"line":19,"column":19}},"loc":{"start":{"line":19,"column":47},"end":{"line":34,"column":null}}},"2":{"name":"(anonymous_12)","decl":{"start":{"line":37,"column":8},"end":{"line":37,"column":15}},"loc":{"start":{"line":37,"column":43},"end":{"line":47,"column":null}}},"3":{"name":"(anonymous_14)","decl":{"start":{"line":50,"column":8},"end":{"line":50,"column":18}},"loc":{"start":{"line":50,"column":46},"end":{"line":64,"column":null}}},"4":{"name":"(anonymous_16)","decl":{"start":{"line":67,"column":8},"end":{"line":67,"column":18}},"loc":{"start":{"line":67,"column":46},"end":{"line":80,"column":null}}}},"branchMap":{"0":{"loc":{"start":{"line":25,"column":6},"end":{"line":27,"column":null}},"type":"if","locations":[{"start":{"line":25,"column":6},"end":{"line":27,"column":null}}]},"1":{"loc":{"start":{"line":59,"column":6},"end":{"line":61,"column":null}},"type":"if","locations":[{"start":{"line":59,"column":6},"end":{"line":61,"column":null}}]},"2":{"loc":{"start":{"line":75,"column":6},"end":{"line":77,"column":null}},"type":"if","locations":[{"start":{"line":75,"column":6},"end":{"line":77,"column":null}}]}},"s":{"0":1,"1":1,"2":1,"3":1,"4":1,"5":0,"6":0,"7":1,"8":1,"9":1,"10":1,"11":0,"12":1,"13":0,"14":0,"15":1,"16":1,"17":1,"18":1,"19":0,"20":0,"21":1,"22":1,"23":1,"24":1,"25":1,"26":0,"27":0,"28":0,"29":0,"30":1,"31":1,"32":1,"33":1,"34":0,"35":0,"36":0,"37":0,"38":1},"f":{"0":1,"1":1,"2":1,"3":1,"4":1},"b":{"0":[0],"1":[0],"2":[0]}}
,"C:\\Users\\yprit\\Desktop\\going\\task\\src\\models\\books.ts": {"path":"C:\\Users\\yprit\\Desktop\\going\\task\\src\\models\\books.ts","statementMap":{"0":{"start":{"line":2,"column":0},"end":{"line":34,"column":2}},"1":{"start":{"line":4,"column":15},"end":{"line":29,"column":null}},"2":{"start":{"line":33,"column":2},"end":{"line":33,"column":14}}},"fnMap":{"0":{"name":"(anonymous_0)","decl":{"start":{"line":2,"column":17},"end":{"line":2,"column":18}},"loc":{"start":{"line":2,"column":52},"end":{"line":34,"column":1}}}},"branchMap":{},"s":{"0":1,"1":1,"2":1},"f":{"0":1},"b":{}}
,"C:\\Users\\yprit\\Desktop\\going\\task\\src\\models\\modelMap.ts": {"path":"C:\\Users\\yprit\\Desktop\\going\\task\\src\\models\\modelMap.ts","statementMap":{"0":{"start":{"line":2,"column":15},"end":{"line":4,"column":null}},"1":{"start":{"line":8,"column":4},"end":{"line":8,"column":12}}},"fnMap":{},"branchMap":{},"s":{"0":1,"1":1},"f":{},"b":{}}
,"C:\\Users\\yprit\\Desktop\\going\\task\\src\\services\\books.ts": {"path":"C:\\Users\\yprit\\Desktop\\going\\task\\src\\services\\books.ts","statementMap":{"0":{"start":{"line":2,"column":21},"end":{"line":67,"column":2}},"1":{"start":{"line":5,"column":4},"end":{"line":9,"column":null}},"2":{"start":{"line":6,"column":6},"end":{"line":6,"column":38}},"3":{"start":{"line":8,"column":6},"end":{"line":8,"column":18}},"4":{"start":{"line":14,"column":4},"end":{"line":18,"column":null}},"5":{"start":{"line":15,"column":6},"end":{"line":15,"column":55}},"6":{"start":{"line":17,"column":6},"end":{"line":17,"column":18}},"7":{"start":{"line":23,"column":4},"end":{"line":27,"column":null}},"8":{"start":{"line":24,"column":6},"end":{"line":24,"column":85}},"9":{"start":{"line":26,"column":6},"end":{"line":26,"column":18}},"10":{"start":{"line":32,"column":4},"end":{"line":49,"column":null}},"11":{"start":{"line":33,"column":19},"end":{"line":33,"column":60}},"12":{"start":{"line":35,"column":6},"end":{"line":37,"column":null}},"13":{"start":{"line":36,"column":8},"end":{"line":36,"column":42}},"14":{"start":{"line":40,"column":6},"end":{"line":40,"column":25}},"15":{"start":{"line":41,"column":6},"end":{"line":41,"column":27}},"16":{"start":{"line":42,"column":6},"end":{"line":42,"column":42}},"17":{"start":{"line":44,"column":6},"end":{"line":44,"column":24}},"18":{"start":{"line":46,"column":6},"end":{"line":46,"column":18}},"19":{"start":{"line":48,"column":6},"end":{"line":48,"column":18}},"20":{"start":{"line":54,"column":4},"end":{"line":65,"column":null}},"21":{"start":{"line":55,"column":19},"end":{"line":55,"column":60}},"22":{"start":{"line":57,"column":6},"end":{"line":59,"column":null}},"23":{"start":{"line":58,"column":8},"end":{"line":58,"column":42}},"24":{"start":{"line":61,"column":6},"end":{"line":61,"column":27}},"25":{"start":{"line":62,"column":6},"end":{"line":62,"column":41}},"26":{"start":{"line":64,"column":6},"end":{"line":64,"column":18}},"27":{"start":{"line":69,"column":0},"end":{"line":69,"column":28}}},"fnMap":{"0":{"name":"(anonymous_7)","decl":{"start":{"line":4,"column":8},"end":{"line":4,"column":19}},"loc":{"start":{"line":4,"column":19},"end":{"line":10,"column":null}}},"1":{"name":"(anonymous_9)","decl":{"start":{"line":13,"column":8},"end":{"line":13,"column":19}},"loc":{"start":{"line":13,"column":30},"end":{"line":19,"column":null}}},"2":{"name":"(anonymous_11)","decl":{"start":{"line":22,"column":8},"end":{"line":22,"column":15}},"loc":{"start":{"line":22,"column":68},"end":{"line":28,"column":null}}},"3":{"name":"(anonymous_13)","decl":{"start":{"line":31,"column":8},"end":{"line":31,"column":18}},"loc":{"start":{"line":31,"column":83},"end":{"line":50,"column":null}}},"4":{"name":"(anonymous_15)","decl":{"start":{"line":53,"column":8},"end":{"line":53,"column":18}},"loc":{"start":{"line":53,"column":29},"end":{"line":66,"column":null}}}},"branchMap":{"0":{"loc":{"start":{"line":35,"column":6},"end":{"line":37,"column":null}},"type":"if","locations":[{"start":{"line":35,"column":6},"end":{"line":37,"column":null}}]},"1":{"loc":{"start":{"line":57,"column":6},"end":{"line":59,"column":null}},"type":"if","locations":[{"start":{"line":57,"column":6},"end":{"line":59,"column":null}}]}},"s":{"0":1,"1":1,"2":1,"3":0,"4":1,"5":1,"6":0,"7":1,"8":1,"9":0,"10":1,"11":1,"12":1,"13":0,"14":1,"15":1,"16":1,"17":1,"18":1,"19":0,"20":1,"21":1,"22":1,"23":0,"24":1,"25":1,"26":0,"27":1},"f":{"0":1,"1":1,"2":1,"3":1,"4":1},"b":{"0":[0],"1":[0]}}
}
