TN:
SF:src\index.ts
FN:21,(anonymous_7)
FN:21,(anonymous_8)
FN:24,(anonymous_9)
FNF:3
FNH:1
FNDA:0,(anonymous_7)
FNDA:0,(anonymous_8)
FNDA:1,(anonymous_9)
DA:2,1
DA:3,1
DA:4,1
DA:5,1
DA:8,1
DA:9,1
DA:12,1
DA:15,1
DA:18,1
DA:21,1
DA:24,1
DA:25,1
DA:28,1
LF:13
LH:13
BRDA:9,0,0,1
BRDA:9,0,1,1
BRF:2
BRH:2
end_of_record
TN:
SF:src\api\books.ts
FNF:0
FNH:0
DA:2,1
DA:4,1
DA:5,1
DA:8,1
DA:13,1
DA:16,1
DA:22,1
DA:30,1
DA:40,1
DA:46,1
LF:10
LH:10
BRF:0
BRH:0
end_of_record
TN:
SF:src\config\database.ts
FN:18,dbCon
FN:53,(anonymous_15)
FN:53,(anonymous_16)
FN:55,(anonymous_17)
FN:60,(anonymous_18)
FN:65,(anonymous_19)
FNF:6
FNH:5
FNDA:1,dbCon
FNDA:1,(anonymous_15)
FNDA:1,(anonymous_16)
FNDA:0,(anonymous_17)
FNDA:1,(anonymous_18)
FNDA:1,(anonymous_19)
DA:2,1
DA:3,1
DA:4,1
DA:10,1
DA:20,1
DA:21,1
DA:22,1
DA:23,1
DA:24,1
DA:27,1
DA:48,1
DA:49,1
DA:50,1
DA:53,1
DA:54,1
DA:56,0
DA:60,1
DA:61,1
DA:65,1
DA:66,1
DA:67,1
DA:71,1
LF:22
LH:21
BRDA:20,0,0,1
BRDA:20,0,1,0
BRDA:21,1,0,1
BRDA:21,1,1,0
BRDA:22,2,0,1
BRDA:22,2,1,0
BRDA:23,3,0,1
BRDA:23,3,1,0
BRF:8
BRH:4
end_of_record
TN:
SF:src\controllers\books.ts
FN:8,(anonymous_8)
FN:19,(anonymous_10)
FN:37,(anonymous_12)
FN:50,(anonymous_14)
FN:67,(anonymous_16)
FNF:5
FNH:5
FNDA:1,(anonymous_8)
FNDA:1,(anonymous_10)
FNDA:1,(anonymous_12)
FNDA:1,(anonymous_14)
FNDA:1,(anonymous_16)
DA:3,1
DA:6,1
DA:9,1
DA:10,1
DA:11,1
DA:13,0
DA:14,0
DA:20,1
DA:22,1
DA:23,1
DA:25,1
DA:26,0
DA:29,1
DA:31,0
DA:32,0
DA:38,1
DA:40,1
DA:41,1
DA:42,1
DA:44,0
DA:45,0
DA:51,1
DA:52,1
DA:54,1
DA:55,1
DA:56,1
DA:58,0
DA:59,0
DA:60,0
DA:62,0
DA:68,1
DA:70,1
DA:71,1
DA:72,1
DA:74,0
DA:75,0
DA:76,0
DA:78,0
DA:83,1
LF:39
LH:24
BRDA:25,0,0,0
BRDA:59,1,0,0
BRDA:75,2,0,0
BRF:3
BRH:0
end_of_record
TN:
SF:src\models\books.ts
FN:2,(anonymous_0)
FNF:1
FNH:1
FNDA:1,(anonymous_0)
DA:2,1
DA:4,1
DA:33,1
LF:3
LH:3
BRF:0
BRH:0
end_of_record
TN:
SF:src\models\modelMap.ts
FNF:0
FNH:0
DA:2,1
DA:8,1
LF:2
LH:2
BRF:0
BRH:0
end_of_record
TN:
SF:src\services\books.ts
FN:4,(anonymous_7)
FN:13,(anonymous_9)
FN:22,(anonymous_11)
FN:31,(anonymous_13)
FN:53,(anonymous_15)
FNF:5
FNH:5
FNDA:1,(anonymous_7)
FNDA:1,(anonymous_9)
FNDA:1,(anonymous_11)
FNDA:1,(anonymous_13)
FNDA:1,(anonymous_15)
DA:2,1
DA:5,1
DA:6,1
DA:8,0
DA:14,1
DA:15,1
DA:17,0
DA:23,1
DA:24,1
DA:26,0
DA:32,1
DA:33,1
DA:35,1
DA:36,0
DA:40,1
DA:41,1
DA:42,1
DA:44,1
DA:46,1
DA:48,0
DA:54,1
DA:55,1
DA:57,1
DA:58,0
DA:61,1
DA:62,1
DA:64,0
DA:69,1
LF:28
LH:21
BRDA:35,0,0,0
BRDA:57,1,0,0
BRF:2
BRH:0
end_of_record
